{"C:\\Users\\ALFAHP02\\Desktop\\Rest_api_node\\src\\routes.ts": {"path":"C:\\Users\\ALFAHP02\\Desktop\\Rest_api_node\\src\\routes.ts","statementMap":{"0":{"start":{"line":4,"column":0},"end":{"line":4,"column":32}},"1":{"start":{"line":5,"column":0},"end":{"line":5,"column":47}},"2":{"start":{"line":8,"column":0},"end":{"line":8,"column":155}},"3":{"start":{"line":9,"column":0},"end":{"line":9,"column":49}},"4":{"start":{"line":11,"column":15},"end":{"line":11,"column":23}},"5":{"start":{"line":14,"column":0},"end":{"line":14,"column":null}},"6":{"start":{"line":17,"column":0},"end":{"line":21,"column":null}},"7":{"start":{"line":23,"column":0},"end":{"line":29,"column":null}},"8":{"start":{"line":26,"column":21},"end":{"line":26,"column":30}},"9":{"start":{"line":32,"column":0},"end":{"line":40,"column":null}},"10":{"start":{"line":36,"column":35},"end":{"line":36,"column":44}},"11":{"start":{"line":43,"column":0},"end":{"line":46,"column":null}},"12":{"start":{"line":48,"column":0},"end":{"line":52,"column":null}},"13":{"start":{"line":56,"column":0},"end":{"line":56,"column":null}}},"fnMap":{"0":{"name":"(anonymous_0)","decl":{"start":{"line":26,"column":12},"end":{"line":26,"column":17}},"loc":{"start":{"line":26,"column":21},"end":{"line":26,"column":30}}},"1":{"name":"(anonymous_1)","decl":{"start":{"line":36,"column":26},"end":{"line":36,"column":31}},"loc":{"start":{"line":36,"column":35},"end":{"line":36,"column":44}}}},"branchMap":{},"s":{"0":2,"1":2,"2":2,"3":2,"4":2,"5":2,"6":2,"7":2,"8":4,"9":2,"10":4,"11":2,"12":2,"13":2},"f":{"0":4,"1":4},"b":{}}
,"C:\\Users\\ALFAHP02\\Desktop\\Rest_api_node\\src\\server.ts": {"path":"C:\\Users\\ALFAHP02\\Desktop\\Rest_api_node\\src\\server.ts","statementMap":{"0":{"start":{"line":11,"column":0},"end":{"line":11,"column":7}},"1":{"start":{"line":5,"column":0},"end":{"line":5,"column":42}},"2":{"start":{"line":6,"column":0},"end":{"line":6,"column":29}},"3":{"start":{"line":7,"column":0},"end":{"line":7,"column":28}},"4":{"start":{"line":8,"column":0},"end":{"line":8,"column":27}},"5":{"start":{"line":12,"column":4},"end":{"line":19,"column":5}},"6":{"start":{"line":13,"column":8},"end":{"line":13,"column":null}},"7":{"start":{"line":14,"column":8},"end":{"line":14,"column":null}},"8":{"start":{"line":15,"column":8},"end":{"line":15,"column":null}},"9":{"start":{"line":17,"column":8},"end":{"line":17,"column":null}},"10":{"start":{"line":22,"column":0},"end":{"line":22,"column":null}},"11":{"start":{"line":24,"column":15},"end":{"line":24,"column":24}},"12":{"start":{"line":27,"column":0},"end":{"line":27,"column":null}},"13":{"start":{"line":30,"column":0},"end":{"line":30,"column":null}},"14":{"start":{"line":33,"column":0},"end":{"line":35,"column":null}},"15":{"start":{"line":34,"column":4},"end":{"line":34,"column":null}},"16":{"start":{"line":37,"column":0},"end":{"line":37,"column":null}}},"fnMap":{"0":{"name":"connectDB","decl":{"start":{"line":11,"column":22},"end":{"line":11,"column":31}},"loc":{"start":{"line":11,"column":31},"end":{"line":20,"column":1}}},"1":{"name":"(anonymous_2)","decl":{"start":{"line":33,"column":19},"end":{"line":33,"column":20}},"loc":{"start":{"line":33,"column":41},"end":{"line":35,"column":1}}}},"branchMap":{},"s":{"0":2,"1":2,"2":2,"3":2,"4":2,"5":3,"6":3,"7":2,"8":2,"9":1,"10":2,"11":2,"12":2,"13":2,"14":2,"15":1,"16":2},"f":{"0":3,"1":1},"b":{}}
,"C:\\Users\\ALFAHP02\\Desktop\\Rest_api_node\\src\\Hanlders\\productos.ts": {"path":"C:\\Users\\ALFAHP02\\Desktop\\Rest_api_node\\src\\Hanlders\\productos.ts","statementMap":{"0":{"start":{"line":7,"column":0},"end":{"line":7,"column":47}},"1":{"start":{"line":12,"column":29},"end":{"line":22,"column":1}},"2":{"start":{"line":14,"column":4},"end":{"line":20,"column":5}},"3":{"start":{"line":16,"column":25},"end":{"line":16,"column":60}},"4":{"start":{"line":17,"column":8},"end":{"line":17,"column":null}},"5":{"start":{"line":12,"column":13},"end":{"line":12,"column":29}},"6":{"start":{"line":25,"column":28},"end":{"line":39,"column":1}},"7":{"start":{"line":26,"column":4},"end":{"line":38,"column":5}},"8":{"start":{"line":28,"column":25},"end":{"line":33,"column":10}},"9":{"start":{"line":35,"column":8},"end":{"line":35,"column":null}},"10":{"start":{"line":25,"column":13},"end":{"line":25,"column":28}},"11":{"start":{"line":42,"column":32},"end":{"line":61,"column":1}},"12":{"start":{"line":43,"column":4},"end":{"line":60,"column":5}},"13":{"start":{"line":45,"column":23},"end":{"line":45,"column":37}},"14":{"start":{"line":47,"column":25},"end":{"line":47,"column":52}},"15":{"start":{"line":50,"column":8},"end":{"line":55,"column":9}},"16":{"start":{"line":51,"column":12},"end":{"line":53,"column":null}},"17":{"start":{"line":54,"column":12},"end":{"line":54,"column":18}},"18":{"start":{"line":57,"column":8},"end":{"line":57,"column":null}},"19":{"start":{"line":42,"column":13},"end":{"line":42,"column":32}},"20":{"start":{"line":65,"column":34},"end":{"line":91,"column":1}},"21":{"start":{"line":66,"column":4},"end":{"line":90,"column":5}},"22":{"start":{"line":68,"column":21},"end":{"line":68,"column":35}},"23":{"start":{"line":70,"column":26},"end":{"line":70,"column":53}},"24":{"start":{"line":72,"column":8},"end":{"line":77,"column":9}},"25":{"start":{"line":73,"column":12},"end":{"line":75,"column":null}},"26":{"start":{"line":76,"column":12},"end":{"line":76,"column":18}},"27":{"start":{"line":81,"column":8},"end":{"line":81,"column":null}},"28":{"start":{"line":84,"column":8},"end":{"line":84,"column":null}},"29":{"start":{"line":86,"column":8},"end":{"line":86,"column":null}},"30":{"start":{"line":65,"column":13},"end":{"line":65,"column":34}},"31":{"start":{"line":95,"column":48},"end":{"line":121,"column":1}},"32":{"start":{"line":96,"column":4},"end":{"line":120,"column":5}},"33":{"start":{"line":98,"column":21},"end":{"line":98,"column":35}},"34":{"start":{"line":100,"column":26},"end":{"line":100,"column":53}},"35":{"start":{"line":102,"column":8},"end":{"line":107,"column":9}},"36":{"start":{"line":103,"column":12},"end":{"line":105,"column":null}},"37":{"start":{"line":106,"column":12},"end":{"line":106,"column":18}},"38":{"start":{"line":111,"column":8},"end":{"line":111,"column":null}},"39":{"start":{"line":114,"column":8},"end":{"line":114,"column":null}},"40":{"start":{"line":116,"column":8},"end":{"line":116,"column":null}},"41":{"start":{"line":95,"column":13},"end":{"line":95,"column":48}},"42":{"start":{"line":124,"column":33},"end":{"line":147,"column":1}},"43":{"start":{"line":125,"column":4},"end":{"line":145,"column":5}},"44":{"start":{"line":127,"column":21},"end":{"line":127,"column":35}},"45":{"start":{"line":129,"column":26},"end":{"line":129,"column":53}},"46":{"start":{"line":131,"column":8},"end":{"line":136,"column":9}},"47":{"start":{"line":132,"column":12},"end":{"line":134,"column":null}},"48":{"start":{"line":135,"column":12},"end":{"line":135,"column":18}},"49":{"start":{"line":139,"column":8},"end":{"line":139,"column":null}},"50":{"start":{"line":141,"column":8},"end":{"line":141,"column":null}},"51":{"start":{"line":124,"column":13},"end":{"line":124,"column":33}}},"fnMap":{"0":{"name":"(anonymous_1)","decl":{"start":{"line":12,"column":29},"end":{"line":12,"column":34}},"loc":{"start":{"line":12,"column":76},"end":{"line":22,"column":1}}},"1":{"name":"(anonymous_2)","decl":{"start":{"line":25,"column":28},"end":{"line":25,"column":33}},"loc":{"start":{"line":25,"column":74},"end":{"line":39,"column":1}}},"2":{"name":"(anonymous_3)","decl":{"start":{"line":42,"column":32},"end":{"line":42,"column":37}},"loc":{"start":{"line":42,"column":78},"end":{"line":61,"column":1}}},"3":{"name":"(anonymous_4)","decl":{"start":{"line":65,"column":34},"end":{"line":65,"column":39}},"loc":{"start":{"line":65,"column":81},"end":{"line":91,"column":1}}},"4":{"name":"(anonymous_5)","decl":{"start":{"line":95,"column":48},"end":{"line":95,"column":53}},"loc":{"start":{"line":95,"column":95},"end":{"line":121,"column":1}}},"5":{"name":"(anonymous_6)","decl":{"start":{"line":124,"column":33},"end":{"line":124,"column":38}},"loc":{"start":{"line":124,"column":81},"end":{"line":147,"column":1}}}},"branchMap":{"0":{"loc":{"start":{"line":50,"column":8},"end":{"line":55,"column":9}},"type":"if","locations":[{"start":{"line":50,"column":8},"end":{"line":55,"column":9}}]},"1":{"loc":{"start":{"line":72,"column":8},"end":{"line":77,"column":9}},"type":"if","locations":[{"start":{"line":72,"column":8},"end":{"line":77,"column":9}}]},"2":{"loc":{"start":{"line":102,"column":8},"end":{"line":107,"column":9}},"type":"if","locations":[{"start":{"line":102,"column":8},"end":{"line":107,"column":9}}]},"3":{"loc":{"start":{"line":131,"column":8},"end":{"line":136,"column":9}},"type":"if","locations":[{"start":{"line":131,"column":8},"end":{"line":136,"column":9}}]}},"s":{"0":2,"1":2,"2":1,"3":1,"4":1,"5":2,"6":2,"7":2,"8":2,"9":2,"10":2,"11":2,"12":2,"13":2,"14":2,"15":2,"16":1,"17":1,"18":1,"19":2,"20":2,"21":2,"22":2,"23":2,"24":2,"25":1,"26":1,"27":1,"28":1,"29":1,"30":2,"31":2,"32":2,"33":2,"34":2,"35":2,"36":1,"37":1,"38":1,"39":1,"40":1,"41":2,"42":2,"43":2,"44":2,"45":2,"46":2,"47":1,"48":1,"49":1,"50":1,"51":2},"f":{"0":1,"1":2,"2":2,"3":2,"4":2,"5":2},"b":{"0":[1],"1":[1],"2":[1],"3":[1]}}
,"C:\\Users\\ALFAHP02\\Desktop\\Rest_api_node\\src\\Middleware\\index.ts": {"path":"C:\\Users\\ALFAHP02\\Desktop\\Rest_api_node\\src\\Middleware\\index.ts","statementMap":{"0":{"start":{"line":6,"column":0},"end":{"line":6,"column":52}},"1":{"start":{"line":9,"column":34},"end":{"line":19,"column":1}},"2":{"start":{"line":12,"column":18},"end":{"line":12,"column":43}},"3":{"start":{"line":13,"column":4},"end":{"line":16,"column":5}},"4":{"start":{"line":14,"column":8},"end":{"line":14,"column":null}},"5":{"start":{"line":15,"column":8},"end":{"line":15,"column":14}},"6":{"start":{"line":18,"column":4},"end":{"line":18,"column":null}},"7":{"start":{"line":9,"column":13},"end":{"line":9,"column":34}}},"fnMap":{"0":{"name":"(anonymous_0)","decl":{"start":{"line":9,"column":34},"end":{"line":9,"column":35}},"loc":{"start":{"line":9,"column":95},"end":{"line":19,"column":1}}}},"branchMap":{"0":{"loc":{"start":{"line":13,"column":4},"end":{"line":16,"column":5}},"type":"if","locations":[{"start":{"line":13,"column":4},"end":{"line":16,"column":5}}]}},"s":{"0":2,"1":2,"2":17,"3":17,"4":8,"5":8,"6":9,"7":2},"f":{"0":17},"b":{"0":[8]}}
,"C:\\Users\\ALFAHP02\\Desktop\\Rest_api_node\\src\\Models\\Producto.model.ts": {"path":"C:\\Users\\ALFAHP02\\Desktop\\Rest_api_node\\src\\Models\\Producto.model.ts","statementMap":{"0":{"start":{"line":4,"column":0},"end":{"line":4,"column":77}},"1":{"start":{"line":10,"column":0},"end":{"line":26,"column":null}},"2":{"start":{"line":14,"column":12},"end":{"line":14,"column":null}},"3":{"start":{"line":19,"column":13},"end":{"line":19,"column":null}},"4":{"start":{"line":25,"column":12},"end":{"line":25,"column":null}},"5":{"start":{"line":10,"column":6},"end":{"line":26,"column":null}},"6":{"start":{"line":28,"column":0},"end":{"line":28,"column":null}}},"fnMap":{},"branchMap":{},"s":{"0":3,"1":3,"2":3,"3":3,"4":3,"5":3,"6":3},"f":{},"b":{}}
,"C:\\Users\\ALFAHP02\\Desktop\\Rest_api_node\\src\\config\\db.ts": {"path":"C:\\Users\\ALFAHP02\\Desktop\\Rest_api_node\\src\\config\\db.ts","statementMap":{"0":{"start":{"line":5,"column":0},"end":{"line":5,"column":48}},"1":{"start":{"line":6,"column":0},"end":{"line":6,"column":27}},"2":{"start":{"line":8,"column":0},"end":{"line":8,"column":null}},"3":{"start":{"line":11,"column":11},"end":{"line":14,"column":2}},"4":{"start":{"line":16,"column":0},"end":{"line":16,"column":null}}},"fnMap":{},"branchMap":{},"s":{"0":2,"1":2,"2":2,"3":2,"4":2},"f":{},"b":{}}
}
