TN:
SF:src\routes.ts
FN:26,(anonymous_0)
FN:36,(anonymous_1)
FNF:2
FNH:2
FNDA:4,(anonymous_0)
FNDA:4,(anonymous_1)
DA:4,2
DA:5,2
DA:8,2
DA:9,2
DA:11,2
DA:14,2
DA:17,2
DA:23,2
DA:26,4
DA:32,2
DA:36,4
DA:43,2
DA:48,2
DA:56,2
LF:14
LH:14
BRF:0
BRH:0
end_of_record
TN:
SF:src\server.ts
FN:11,connectDB
FN:33,(anonymous_2)
FNF:2
FNH:2
FNDA:3,connectDB
FNDA:1,(anonymous_2)
DA:5,2
DA:6,2
DA:7,2
DA:8,2
DA:11,2
DA:12,3
DA:13,3
DA:14,2
DA:15,2
DA:17,1
DA:22,2
DA:24,2
DA:27,2
DA:30,2
DA:33,2
DA:34,1
DA:37,2
LF:17
LH:17
BRF:0
BRH:0
end_of_record
TN:
SF:src\Hanlders\productos.ts
FN:12,(anonymous_1)
FN:25,(anonymous_2)
FN:42,(anonymous_3)
FN:65,(anonymous_4)
FN:95,(anonymous_5)
FN:124,(anonymous_6)
FNF:6
FNH:6
FNDA:1,(anonymous_1)
FNDA:2,(anonymous_2)
FNDA:2,(anonymous_3)
FNDA:2,(anonymous_4)
FNDA:2,(anonymous_5)
FNDA:2,(anonymous_6)
DA:7,2
DA:12,2
DA:14,1
DA:16,1
DA:17,1
DA:25,2
DA:26,2
DA:28,2
DA:35,2
DA:42,2
DA:43,2
DA:45,2
DA:47,2
DA:50,2
DA:51,1
DA:54,1
DA:57,1
DA:65,2
DA:66,2
DA:68,2
DA:70,2
DA:72,2
DA:73,1
DA:76,1
DA:81,1
DA:84,1
DA:86,1
DA:95,2
DA:96,2
DA:98,2
DA:100,2
DA:102,2
DA:103,1
DA:106,1
DA:111,1
DA:114,1
DA:116,1
DA:124,2
DA:125,2
DA:127,2
DA:129,2
DA:131,2
DA:132,1
DA:135,1
DA:139,1
DA:141,1
LF:46
LH:46
BRDA:50,0,0,1
BRDA:72,1,0,1
BRDA:102,2,0,1
BRDA:131,3,0,1
BRF:4
BRH:4
end_of_record
TN:
SF:src\Middleware\index.ts
FN:9,(anonymous_0)
FNF:1
FNH:1
FNDA:17,(anonymous_0)
DA:6,2
DA:9,2
DA:12,17
DA:13,17
DA:14,8
DA:15,8
DA:18,9
LF:7
LH:7
BRDA:13,0,0,8
BRF:1
BRH:1
end_of_record
TN:
SF:src\Models\Producto.model.ts
FNF:0
FNH:0
DA:4,3
DA:10,3
DA:14,3
DA:19,3
DA:25,3
DA:28,3
LF:6
LH:6
BRF:0
BRH:0
end_of_record
TN:
SF:src\config\db.ts
FNF:0
FNH:0
DA:5,2
DA:6,2
DA:8,2
DA:11,2
DA:16,2
LF:5
LH:5
BRF:0
BRH:0
end_of_record
